<?xml version="1.0" encoding="UTF-8"?>
<!-- Generated by org.testng.reporters.JUnitReportReporter -->
<testsuite skipped="0" hostname="dineshkila" name="com.demoproject.testcases.AddToCartPageTest" tests="1" failures="0" timestamp="16 Aug 2023 05:55:44 GMT" time="26.804" errors="0">
  <testcase name="AddToCartPageTest" time="26.804" classname="com.demoproject.testcases.AddToCartPageTest"/>
</testsuite> <!-- com.demoproject.testcases.AddToCartPageTest -->
