<?xml version="1.0" encoding="UTF-8"?>
<!-- Generated by org.testng.reporters.JUnitReportReporter -->
<testsuite skipped="0" hostname="dineshkila" name="com.demoproject.testcases.HomePageTest" tests="2" failures="0" timestamp="16 Aug 2023 05:55:44 GMT" time="17.888" errors="0">
  <testcase name="getCurrentURL" time="9.371" classname="com.demoproject.testcases.HomePageTest"/>
  <testcase name="verifySearchBox" time="8.517" classname="com.demoproject.testcases.HomePageTest"/>
</testsuite> <!-- com.demoproject.testcases.HomePageTest -->
