<?xml version="1.0" encoding="UTF-8"?>
<!-- Generated by org.testng.reporters.JUnitReportReporter -->
<testsuite skipped="0" hostname="dineshkila" name="com.demoproject.testcases.SearchProductPageTest" tests="1" failures="0" timestamp="16 Aug 2023 05:55:44 GMT" time="18.723" errors="0">
  <testcase name="searchProductPageTest" time="18.723" classname="com.demoproject.testcases.SearchProductPageTest"/>
</testsuite> <!-- com.demoproject.testcases.SearchProductPageTest -->
