<?xml version="1.0" encoding="UTF-8"?>
<!-- Generated by org.testng.reporters.JUnitReportReporter -->
<testsuite skipped="0" hostname="dineshkila" name="com.demoproject.testcases.LoginPageTest" tests="4" failures="0" timestamp="16 Aug 2023 05:55:44 GMT" time="49.426" errors="0">
  <testcase name="loginTest" time="14.475" classname="com.demoproject.testcases.LoginPageTest"/>
  <testcase name="loginTest" time="11.172" classname="com.demoproject.testcases.LoginPageTest"/>
  <testcase name="loginTest" time="12.920" classname="com.demoproject.testcases.LoginPageTest"/>
  <testcase name="loginTest" time="10.859" classname="com.demoproject.testcases.LoginPageTest"/>
</testsuite> <!-- com.demoproject.testcases.LoginPageTest -->
